2026-02-28 14:47:58,691 - [INFO] - >>> Starting Pipeline Control <<<
2026-02-28 14:47:58,693 - [INFO] - --- [1] Setup & Config Generation ---
2026-02-28 14:47:58,693 - [INFO] - --- Service: Generating Configurations ---
2026-02-28 14:47:58,696 - [INFO] - --> Done. Created: 1, Skipped: 0
2026-02-28 14:47:58,697 - [INFO] - --- Service: Loading Experiments from Disk ---
2026-02-28 14:47:58,699 - [INFO] - Found 1 config files. Re-initializing models...
2026-02-28 14:47:58,701 - [INFO] - --> Successfully loaded 1 experiments.

2026-02-28 14:47:58,701 - [INFO] - Registry loaded. Ready to process 1 base experiments.
2026-02-28 14:47:58,702 - [INFO] - --- [2] Running Segmentation Pipeline ---
2026-02-28 14:47:58,703 - [INFO] - --- Loading Sessions for 'dev' (Modal: AV_ASD) ---
2026-02-28 14:47:58,710 - [INFO] - [1/25] Processing raw: session_132 ...
2026-02-28 14:48:01,571 - [INFO] - [2/25] Processing raw: session_133 ...
2026-02-28 14:48:04,378 - [INFO] - [3/25] Processing raw: session_134 ...
2026-02-28 14:48:07,100 - [INFO] - [4/25] Processing raw: session_135 ...
2026-02-28 14:48:09,362 - [INFO] - [5/25] Processing raw: session_136 ...
2026-02-28 14:48:12,101 - [INFO] - [6/25] Processing raw: session_137 ...
2026-02-28 14:48:14,862 - [INFO] - [7/25] Processing raw: session_138 ...
2026-02-28 14:48:17,597 - [INFO] - [8/25] Processing raw: session_139 ...
2026-02-28 14:48:20,523 - [INFO] - [9/25] Processing raw: session_140 ...
2026-02-28 14:48:23,269 - [INFO] - [10/25] Processing raw: session_141 ...
2026-02-28 14:48:25,605 - [INFO] - [11/25] Processing raw: session_40 ...
2026-02-28 14:48:28,362 - [INFO] - [12/25] Processing raw: session_41 ...
2026-02-28 14:48:31,109 - [INFO] - [13/25] Processing raw: session_42 ...
2026-02-28 14:48:34,222 - [INFO] - [14/25] Processing raw: session_43 ...
2026-02-28 14:48:36,955 - [INFO] - [15/25] Processing raw: session_44 ...
2026-02-28 14:48:39,710 - [INFO] - [16/25] Processing raw: session_48 ...
2026-02-28 14:48:41,070 - [INFO] - [17/25] Processing raw: session_49 ...
2026-02-28 14:48:43,844 - [INFO] - [18/25] Processing raw: session_50 ...
2026-02-28 14:48:46,618 - [INFO] - [19/25] Processing raw: session_51 ...
2026-02-28 14:48:49,446 - [INFO] - [20/25] Processing raw: session_52 ...
2026-02-28 14:48:52,191 - [INFO] - [21/25] Processing raw: session_53 ...
2026-02-28 14:48:54,492 - [INFO] - [22/25] Processing raw: session_54 ...
2026-02-28 14:48:56,789 - [INFO] - [23/25] Processing raw: session_55 ...
2026-02-28 14:48:59,054 - [INFO] - [24/25] Processing raw: session_56 ...
2026-02-28 14:49:00,876 - [INFO] - [25/25] Processing raw: session_57 ...
2026-02-28 14:49:03,122 - [INFO] - --> Successfully loaded 25 sessions.

2026-02-28 14:49:03,123 - [INFO] - --- Service: Running Segmentation Pipeline ---
2026-02-28 14:49:03,124 - [INFO] - Processing Experiment: b6dc1178
2026-02-28 14:49:04,076 - [INFO] - --> Segmentation Pipeline execution finished.
2026-02-28 14:49:04,077 - [INFO] - DONE: Segmentation took 65.37 seconds.
2026-02-28 14:49:04,077 - [INFO] - --- [3] Running Matrix Pipeline ---
2026-02-28 14:49:04,078 - [INFO] - --- Service: Running Matrix Calculation Pipeline ---
2026-02-28 14:49:04,079 - [INFO] - Processing Matrices for Experiment: b6dc1178
2026-02-28 14:49:04,237 - [INFO] - -> b6dc1178: Matrix Step Finished. Processed: 25
2026-02-28 14:49:04,239 - [INFO] - --> Matrix Pipeline execution finished.
2026-02-28 14:49:04,240 - [INFO] - DONE: Matrix calculation took 0.16 seconds.
2026-02-28 14:49:04,241 - [INFO] - --- [4] Running Clustering Pipeline ---
2026-02-28 14:49:04,241 - [INFO] - --- Service: Running Clustering Pipeline ---
2026-02-28 14:49:04,308 - [INFO] - --> Clustering Pipeline finished.
2026-02-28 14:49:04,308 - [INFO] - DONE: Clustering took 0.07 seconds.
2026-02-28 14:49:04,309 - [INFO] - --- [5] Running Evaluation Pipeline ---
2026-02-28 14:49:04,310 - [INFO] - Discovered 1 existing clustering experiments on disk.
2026-02-28 14:49:04,311 - [INFO] - --- Service: Running Evaluation Pipeline ---
2026-02-28 14:49:04,362 - [INFO] - seg_hash[b6dc1178] + clust_hash[4f7fc7a9] - Evaluation Results -> Avg Speaker F1 (CHiME): 0.6715 | Avg Pairwise F1: 0.7378 | Avg ARI: 0.6639 | Perfect Sessions: 10/25
2026-02-28 14:49:04,374 - [INFO] - --> Evaluation Pipeline finished.
2026-02-28 14:49:04,375 - [INFO] - --- Aggregating Experiment Results into Overview CSVs ---
2026-02-28 14:49:04,377 - [INFO] - Successfully generated overview for 'dev': D:\DEV\chime_task\auvis\auvis_system\subtask_5_experiments\ASD_Clustering\data-bin\_output\av_asd\overview_dev.csv
2026-02-28 14:49:04,378 - [INFO] - --> Sort this CSV by 'AVG_SPEAKER_F1' to find the best model!
2026-02-28 14:49:04,378 - [INFO] - DONE: Evaluation took 0.07 seconds.
2026-02-28 14:49:04,379 - [INFO] - >>> Pipeline Finished <<<
2026-02-28 14:50:01,137 - [INFO] - >>> Starting Pipeline Control <<<
2026-02-28 14:50:01,138 - [INFO] - --- [1] Setup & Config Generation ---
2026-02-28 14:50:01,138 - [INFO] - --- Service: Generating Configurations ---
2026-02-28 14:50:01,139 - [INFO] - --> Done. Created: 1, Skipped: 0
2026-02-28 14:50:01,140 - [INFO] - --- Service: Loading Experiments from Disk ---
2026-02-28 14:50:01,141 - [INFO] - Found 2 config files. Re-initializing models...
2026-02-28 14:50:01,141 - [INFO] - --> Successfully loaded 2 experiments.

2026-02-28 14:50:01,142 - [INFO] - Registry loaded. Ready to process 2 base experiments.
2026-02-28 14:50:01,142 - [INFO] - --- [2] Running Segmentation Pipeline ---
2026-02-28 14:50:01,143 - [INFO] - --- Loading Sessions for 'dev' (Modal: AV_ASD) ---
2026-02-28 14:50:01,498 - [INFO] - --> Successfully loaded 25 sessions.

2026-02-28 14:50:01,499 - [INFO] - --- Service: Running Segmentation Pipeline ---
2026-02-28 14:50:01,499 - [INFO] - Processing Experiment: 47c3daef
2026-02-28 14:50:01,764 - [INFO] - Processing Experiment: b6dc1178
2026-02-28 14:50:02,023 - [INFO] - --> Segmentation Pipeline execution finished.
2026-02-28 14:50:02,023 - [INFO] - DONE: Segmentation took 0.88 seconds.
2026-02-28 14:50:02,024 - [INFO] - --- [3] Running Matrix Pipeline ---
2026-02-28 14:50:02,025 - [INFO] - --- Service: Running Matrix Calculation Pipeline ---
2026-02-28 14:50:02,025 - [INFO] - Processing Matrices for Experiment: 47c3daef
2026-02-28 14:50:02,074 - [INFO] - -> 47c3daef: Matrix Step Finished. Processed: 25
2026-02-28 14:50:02,075 - [INFO] - Processing Matrices for Experiment: b6dc1178
2026-02-28 14:50:02,129 - [INFO] - -> b6dc1178: Matrix Step Finished. Processed: 25
2026-02-28 14:50:02,129 - [INFO] - --> Matrix Pipeline execution finished.
2026-02-28 14:50:02,131 - [INFO] - DONE: Matrix calculation took 0.11 seconds.
2026-02-28 14:50:02,131 - [INFO] - --- [4] Running Clustering Pipeline ---
2026-02-28 14:50:02,132 - [INFO] - --- Service: Running Clustering Pipeline ---
2026-02-28 14:50:02,168 - [INFO] - --> Clustering Pipeline finished.
2026-02-28 14:50:02,168 - [INFO] - DONE: Clustering took 0.04 seconds.
2026-02-28 14:50:02,169 - [INFO] - --- [5] Running Evaluation Pipeline ---
2026-02-28 14:50:02,170 - [INFO] - Discovered 2 existing clustering experiments on disk.
2026-02-28 14:50:02,170 - [INFO] - --- Service: Running Evaluation Pipeline ---
2026-02-28 14:50:02,188 - [INFO] - seg_hash[47c3daef] + clust_hash[4f7fc7a9] - Evaluation Results -> Avg Speaker F1 (CHiME): 0.9050 | Avg Pairwise F1: 0.9212 | Avg ARI: 0.8796 | Perfect Sessions: 19/25
2026-02-28 14:50:02,206 - [INFO] - seg_hash[b6dc1178] + clust_hash[4f7fc7a9] - Evaluation Results -> Avg Speaker F1 (CHiME): 0.6715 | Avg Pairwise F1: 0.7378 | Avg ARI: 0.6639 | Perfect Sessions: 10/25
2026-02-28 14:50:02,207 - [INFO] - --> Evaluation Pipeline finished.
2026-02-28 14:50:02,208 - [INFO] - --- Aggregating Experiment Results into Overview CSVs ---
2026-02-28 14:50:02,209 - [INFO] - Successfully generated overview for 'dev': D:\DEV\chime_task\auvis\auvis_system\subtask_5_experiments\ASD_Clustering\data-bin\_output\av_asd\overview_dev.csv
2026-02-28 14:50:02,209 - [INFO] - --> Sort this CSV by 'AVG_SPEAKER_F1' to find the best model!
2026-02-28 14:50:02,210 - [INFO] - DONE: Evaluation took 0.04 seconds.
2026-02-28 14:50:02,210 - [INFO] - >>> Pipeline Finished <<<
2026-02-28 14:50:33,031 - [INFO] - >>> Starting Pipeline Control <<<
2026-02-28 14:50:33,032 - [INFO] - --- [1] Setup & Config Generation ---
2026-02-28 14:50:33,033 - [INFO] - --- Service: Generating Configurations ---
2026-02-28 14:50:33,033 - [INFO] - --> Done. Created: 1, Skipped: 0
2026-02-28 14:50:33,035 - [INFO] - --- Service: Loading Experiments from Disk ---
2026-02-28 14:50:33,036 - [INFO] - Found 3 config files. Re-initializing models...
2026-02-28 14:50:33,037 - [INFO] - --> Successfully loaded 3 experiments.

2026-02-28 14:50:33,037 - [INFO] - Registry loaded. Ready to process 3 base experiments.
2026-02-28 14:50:33,038 - [INFO] - --- [2] Running Segmentation Pipeline ---
2026-02-28 14:50:33,038 - [INFO] - --- Loading Sessions for 'dev' (Modal: AV_ASD) ---
2026-02-28 14:50:33,393 - [INFO] - --> Successfully loaded 25 sessions.

2026-02-28 14:50:33,393 - [INFO] - --- Service: Running Segmentation Pipeline ---
2026-02-28 14:50:33,393 - [INFO] - Processing Experiment: 47c3daef
2026-02-28 14:50:33,662 - [INFO] - Processing Experiment: b6dc1178
2026-02-28 14:50:33,923 - [INFO] - Processing Experiment: d58d000c
2026-02-28 14:50:34,189 - [INFO] - --> Segmentation Pipeline execution finished.
2026-02-28 14:50:34,191 - [INFO] - DONE: Segmentation took 1.15 seconds.
2026-02-28 14:50:34,192 - [INFO] - --- [3] Running Matrix Pipeline ---
2026-02-28 14:50:34,192 - [INFO] - --- Service: Running Matrix Calculation Pipeline ---
2026-02-28 14:50:34,193 - [INFO] - Processing Matrices for Experiment: 47c3daef
2026-02-28 14:50:34,236 - [INFO] - -> 47c3daef: Matrix Step Finished. Processed: 25
2026-02-28 14:50:34,237 - [INFO] - Processing Matrices for Experiment: b6dc1178
2026-02-28 14:50:34,293 - [INFO] - -> b6dc1178: Matrix Step Finished. Processed: 25
2026-02-28 14:50:34,294 - [INFO] - Processing Matrices for Experiment: d58d000c
2026-02-28 14:50:34,358 - [INFO] - -> d58d000c: Matrix Step Finished. Processed: 25
2026-02-28 14:50:34,358 - [INFO] - --> Matrix Pipeline execution finished.
2026-02-28 14:50:34,359 - [INFO] - DONE: Matrix calculation took 0.17 seconds.
2026-02-28 14:50:34,359 - [INFO] - --- [4] Running Clustering Pipeline ---
2026-02-28 14:50:34,359 - [INFO] - --- Service: Running Clustering Pipeline ---
2026-02-28 14:50:34,416 - [INFO] - --> Clustering Pipeline finished.
2026-02-28 14:50:34,417 - [INFO] - DONE: Clustering took 0.06 seconds.
2026-02-28 14:50:34,417 - [INFO] - --- [5] Running Evaluation Pipeline ---
2026-02-28 14:50:34,419 - [INFO] - Discovered 3 existing clustering experiments on disk.
2026-02-28 14:50:34,419 - [INFO] - --- Service: Running Evaluation Pipeline ---
2026-02-28 14:50:34,438 - [INFO] - seg_hash[47c3daef] + clust_hash[4f7fc7a9] - Evaluation Results -> Avg Speaker F1 (CHiME): 0.9050 | Avg Pairwise F1: 0.9212 | Avg ARI: 0.8796 | Perfect Sessions: 19/25
2026-02-28 14:50:34,457 - [INFO] - seg_hash[b6dc1178] + clust_hash[4f7fc7a9] - Evaluation Results -> Avg Speaker F1 (CHiME): 0.6715 | Avg Pairwise F1: 0.7378 | Avg ARI: 0.6639 | Perfect Sessions: 10/25
2026-02-28 14:50:34,477 - [INFO] - seg_hash[d58d000c] + clust_hash[4f7fc7a9] - Evaluation Results -> Avg Speaker F1 (CHiME): 0.7986 | Avg Pairwise F1: 0.8333 | Avg ARI: 0.7891 | Perfect Sessions: 15/25
2026-02-28 14:50:34,479 - [INFO] - --> Evaluation Pipeline finished.
2026-02-28 14:50:34,479 - [INFO] - --- Aggregating Experiment Results into Overview CSVs ---
2026-02-28 14:50:34,481 - [INFO] - Successfully generated overview for 'dev': D:\DEV\chime_task\auvis\auvis_system\subtask_5_experiments\ASD_Clustering\data-bin\_output\av_asd\overview_dev.csv
2026-02-28 14:50:34,482 - [INFO] - --> Sort this CSV by 'AVG_SPEAKER_F1' to find the best model!
2026-02-28 14:50:34,482 - [INFO] - DONE: Evaluation took 0.06 seconds.
2026-02-28 14:50:34,483 - [INFO] - >>> Pipeline Finished <<<
2026-02-28 14:51:04,733 - [INFO] - >>> Starting Pipeline Control <<<
2026-02-28 14:51:04,734 - [INFO] - --- [1] Setup & Config Generation ---
2026-02-28 14:51:04,734 - [INFO] - --- Service: Generating Configurations ---
2026-02-28 14:51:04,736 - [INFO] - --> Done. Created: 2, Skipped: 0
2026-02-28 14:51:04,737 - [INFO] - --- Service: Loading Experiments from Disk ---
2026-02-28 14:51:04,738 - [INFO] - Found 2 config files. Re-initializing models...
2026-02-28 14:51:04,738 - [INFO] - --> Successfully loaded 2 experiments.

2026-02-28 14:51:04,739 - [INFO] - Registry loaded. Ready to process 2 base experiments.
2026-02-28 14:51:04,739 - [INFO] - --- [2] Running Segmentation Pipeline ---
2026-02-28 14:51:04,740 - [INFO] - --- Loading Sessions for 'dev' (Modal: AV_ASD) ---
2026-02-28 14:51:04,741 - [INFO] - [1/25] Processing raw: session_132 ...
2026-02-28 14:51:04,854 - [INFO] - [2/25] Processing raw: session_133 ...
2026-02-28 14:51:04,966 - [INFO] - [3/25] Processing raw: session_134 ...
2026-02-28 14:51:05,079 - [INFO] - [4/25] Processing raw: session_135 ...
2026-02-28 14:51:05,174 - [INFO] - [5/25] Processing raw: session_136 ...
2026-02-28 14:51:05,285 - [INFO] - [6/25] Processing raw: session_137 ...
2026-02-28 14:51:05,396 - [INFO] - [7/25] Processing raw: session_138 ...
2026-02-28 14:51:05,504 - [INFO] - [8/25] Processing raw: session_139 ...
2026-02-28 14:51:05,614 - [INFO] - [9/25] Processing raw: session_140 ...
2026-02-28 14:51:05,726 - [INFO] - [10/25] Processing raw: session_141 ...
2026-02-28 14:51:05,820 - [INFO] - [11/25] Processing raw: session_40 ...
2026-02-28 14:51:05,933 - [INFO] - [12/25] Processing raw: session_41 ...
2026-02-28 14:51:06,045 - [INFO] - [13/25] Processing raw: session_42 ...
2026-02-28 14:51:06,172 - [INFO] - [14/25] Processing raw: session_43 ...
2026-02-28 14:51:06,283 - [INFO] - [15/25] Processing raw: session_44 ...
2026-02-28 14:51:06,394 - [INFO] - [16/25] Processing raw: session_48 ...
2026-02-28 14:51:06,452 - [INFO] - [17/25] Processing raw: session_49 ...
2026-02-28 14:51:06,562 - [INFO] - [18/25] Processing raw: session_50 ...
2026-02-28 14:51:06,674 - [INFO] - [19/25] Processing raw: session_51 ...
2026-02-28 14:51:06,782 - [INFO] - [20/25] Processing raw: session_52 ...
2026-02-28 14:51:06,892 - [INFO] - [21/25] Processing raw: session_53 ...
2026-02-28 14:51:06,985 - [INFO] - [22/25] Processing raw: session_54 ...
2026-02-28 14:51:07,076 - [INFO] - [23/25] Processing raw: session_55 ...
2026-02-28 14:51:07,168 - [INFO] - [24/25] Processing raw: session_56 ...
2026-02-28 14:51:07,243 - [INFO] - [25/25] Processing raw: session_57 ...
2026-02-28 14:51:07,333 - [INFO] - --> Successfully loaded 25 sessions.

2026-02-28 14:51:07,334 - [INFO] - --- Service: Running Segmentation Pipeline ---
2026-02-28 14:51:07,335 - [INFO] - Processing Experiment: 47c3daef
2026-02-28 14:51:07,598 - [INFO] - Processing Experiment: 47c3daef
2026-02-28 14:51:07,860 - [INFO] - --> Segmentation Pipeline execution finished.
2026-02-28 14:51:07,861 - [INFO] - DONE: Segmentation took 3.12 seconds.
2026-02-28 14:51:07,861 - [INFO] - --- [3] Running Matrix Pipeline ---
2026-02-28 14:51:07,862 - [INFO] - --- Service: Running Matrix Calculation Pipeline ---
2026-02-28 14:51:07,862 - [INFO] - Processing Matrices for Experiment: 47c3daef
2026-02-28 14:51:07,911 - [INFO] - -> 47c3daef: Matrix Step Finished. Processed: 25
2026-02-28 14:51:07,912 - [INFO] - Processing Matrices for Experiment: 47c3daef
2026-02-28 14:51:07,955 - [INFO] - -> 47c3daef: Matrix Step Finished. Processed: 25
2026-02-28 14:51:07,956 - [INFO] - --> Matrix Pipeline execution finished.
2026-02-28 14:51:07,956 - [INFO] - DONE: Matrix calculation took 0.09 seconds.
2026-02-28 14:51:07,957 - [INFO] - --- [4] Running Clustering Pipeline ---
2026-02-28 14:51:07,957 - [INFO] - --- Service: Running Clustering Pipeline ---
2026-02-28 14:51:08,032 - [INFO] - --> Clustering Pipeline finished.
2026-02-28 14:51:08,033 - [INFO] - DONE: Clustering took 0.08 seconds.
2026-02-28 14:51:08,033 - [INFO] - --- [5] Running Evaluation Pipeline ---
2026-02-28 14:51:08,034 - [INFO] - Discovered 4 existing clustering experiments on disk.
2026-02-28 14:51:08,035 - [INFO] - --- Service: Running Evaluation Pipeline ---
2026-02-28 14:51:08,052 - [INFO] - seg_hash[47c3daef] + clust_hash[4f7fc7a9] - Evaluation Results -> Avg Speaker F1 (CHiME): 0.9050 | Avg Pairwise F1: 0.9212 | Avg ARI: 0.8796 | Perfect Sessions: 19/25
2026-02-28 14:51:08,071 - [INFO] - seg_hash[47c3daef] + clust_hash[fe4d7fe0] - Evaluation Results -> Avg Speaker F1 (CHiME): 0.9060 | Avg Pairwise F1: 0.9028 | Avg ARI: 0.8255 | Perfect Sessions: 19/25
2026-02-28 14:51:08,089 - [INFO] - seg_hash[47c3daef] + clust_hash[4f7fc7a9] - Evaluation Results -> Avg Speaker F1 (CHiME): 0.9050 | Avg Pairwise F1: 0.9212 | Avg ARI: 0.8796 | Perfect Sessions: 19/25
2026-02-28 14:51:08,107 - [INFO] - seg_hash[47c3daef] + clust_hash[fe4d7fe0] - Evaluation Results -> Avg Speaker F1 (CHiME): 0.9060 | Avg Pairwise F1: 0.9028 | Avg ARI: 0.8255 | Perfect Sessions: 19/25
2026-02-28 14:51:08,109 - [INFO] - --> Evaluation Pipeline finished.
2026-02-28 14:51:08,110 - [INFO] - --- Aggregating Experiment Results into Overview CSVs ---
2026-02-28 14:51:08,111 - [INFO] - Successfully generated overview for 'dev': D:\DEV\chime_task\auvis\auvis_system\subtask_5_experiments\ASD_Clustering\data-bin\_output\av_asd\overview_dev.csv
2026-02-28 14:51:08,111 - [INFO] - --> Sort this CSV by 'AVG_SPEAKER_F1' to find the best model!
2026-02-28 14:51:08,112 - [INFO] - DONE: Evaluation took 0.08 seconds.
2026-02-28 14:51:08,112 - [INFO] - >>> Pipeline Finished <<<
2026-02-28 14:58:04,029 - [INFO] - >>> Starting Pipeline Control <<<
2026-02-28 14:58:04,029 - [INFO] - --- [1] Setup & Config Generation ---
2026-02-28 14:58:04,029 - [INFO] - --- Service: Generating Configurations ---
2026-02-28 14:58:04,032 - [INFO] - --> Done. Created: 1, Skipped: 0
2026-02-28 14:58:04,032 - [INFO] - --- Service: Loading Experiments from Disk ---
2026-02-28 14:58:04,033 - [INFO] - Found 1 config files. Re-initializing models...
2026-02-28 14:58:04,034 - [INFO] - --> Successfully loaded 1 experiments.

2026-02-28 14:58:04,034 - [INFO] - Registry loaded. Ready to process 1 base experiments.
2026-02-28 14:58:04,034 - [INFO] - --- [2] Running Segmentation Pipeline ---
2026-02-28 14:58:04,035 - [INFO] - --- Loading Sessions for 'dev' (Modal: AV_ASD) ---
2026-02-28 14:58:04,035 - [INFO] - [1/25] Processing raw: session_132 ...
2026-02-28 14:58:04,145 - [INFO] - [2/25] Processing raw: session_133 ...
2026-02-28 14:58:04,255 - [INFO] - [3/25] Processing raw: session_134 ...
2026-02-28 14:58:04,365 - [INFO] - [4/25] Processing raw: session_135 ...
2026-02-28 14:58:04,457 - [INFO] - [5/25] Processing raw: session_136 ...
2026-02-28 14:58:04,566 - [INFO] - [6/25] Processing raw: session_137 ...
2026-02-28 14:58:04,676 - [INFO] - [7/25] Processing raw: session_138 ...
2026-02-28 14:58:04,787 - [INFO] - [8/25] Processing raw: session_139 ...
2026-02-28 14:58:04,897 - [INFO] - [9/25] Processing raw: session_140 ...
2026-02-28 14:58:05,008 - [INFO] - [10/25] Processing raw: session_141 ...
2026-02-28 14:58:05,098 - [INFO] - [11/25] Processing raw: session_40 ...
2026-02-28 14:58:05,212 - [INFO] - [12/25] Processing raw: session_41 ...
2026-02-28 14:58:05,322 - [INFO] - [13/25] Processing raw: session_42 ...
2026-02-28 14:58:05,447 - [INFO] - [14/25] Processing raw: session_43 ...
2026-02-28 14:58:05,558 - [INFO] - [15/25] Processing raw: session_44 ...
2026-02-28 14:58:05,669 - [INFO] - [16/25] Processing raw: session_48 ...
2026-02-28 14:58:05,728 - [INFO] - [17/25] Processing raw: session_49 ...
2026-02-28 14:58:05,838 - [INFO] - [18/25] Processing raw: session_50 ...
2026-02-28 14:58:05,948 - [INFO] - [19/25] Processing raw: session_51 ...
2026-02-28 14:58:06,059 - [INFO] - [20/25] Processing raw: session_52 ...
2026-02-28 14:58:06,169 - [INFO] - [21/25] Processing raw: session_53 ...
2026-02-28 14:58:06,262 - [INFO] - [22/25] Processing raw: session_54 ...
2026-02-28 14:58:06,353 - [INFO] - [23/25] Processing raw: session_55 ...
2026-02-28 14:58:06,444 - [INFO] - [24/25] Processing raw: session_56 ...
2026-02-28 14:58:06,516 - [INFO] - [25/25] Processing raw: session_57 ...
2026-02-28 14:58:06,609 - [INFO] - --> Successfully loaded 25 sessions.

2026-02-28 14:58:06,609 - [INFO] - --- Service: Running Segmentation Pipeline ---
2026-02-28 14:58:06,610 - [INFO] - Processing Experiment: d58d000c
2026-02-28 14:58:06,871 - [INFO] - --> Segmentation Pipeline execution finished.
2026-02-28 14:58:06,872 - [INFO] - DONE: Segmentation took 2.84 seconds.
2026-02-28 14:58:06,872 - [INFO] - --- [3] Running Matrix Pipeline ---
2026-02-28 14:58:06,872 - [INFO] - --- Service: Running Matrix Calculation Pipeline ---
2026-02-28 14:58:06,873 - [INFO] - Processing Matrices for Experiment: d58d000c
2026-02-28 14:58:06,935 - [INFO] - -> d58d000c: Matrix Step Finished. Processed: 25
2026-02-28 14:58:06,935 - [INFO] - --> Matrix Pipeline execution finished.
2026-02-28 14:58:06,936 - [INFO] - DONE: Matrix calculation took 0.06 seconds.
2026-02-28 14:58:06,937 - [INFO] - --- [4] Running Clustering Pipeline ---
2026-02-28 14:58:06,937 - [INFO] - --- Service: Running Clustering Pipeline ---
2026-02-28 14:58:06,956 - [INFO] - --> Clustering Pipeline finished.
2026-02-28 14:58:06,956 - [INFO] - DONE: Clustering took 0.02 seconds.
2026-02-28 14:58:06,956 - [INFO] - --- [5] Running Evaluation Pipeline ---
2026-02-28 14:58:06,957 - [INFO] - Discovered 1 existing clustering experiments on disk.
2026-02-28 14:58:06,958 - [INFO] - --- Service: Running Evaluation Pipeline ---
2026-02-28 14:58:06,975 - [INFO] - seg_hash[d58d000c] + clust_hash[fe4d7fe0] - Evaluation Results -> Avg Speaker F1 (CHiME): 0.9161 | Avg Pairwise F1: 0.9160 | Avg ARI: 0.8769 | Perfect Sessions: 21/25
2026-02-28 14:58:06,976 - [INFO] - --> Evaluation Pipeline finished.
2026-02-28 14:58:06,977 - [INFO] - --- Aggregating Experiment Results into Overview CSVs ---
2026-02-28 14:58:06,978 - [INFO] - Successfully generated overview for 'dev': D:\DEV\chime_task\auvis\auvis_system\subtask_5_experiments\ASD_Clustering\data-bin\_output\av_asd\overview_dev.csv
2026-02-28 14:58:06,979 - [INFO] - --> Sort this CSV by 'AVG_SPEAKER_F1' to find the best model!
2026-02-28 14:58:06,979 - [INFO] - DONE: Evaluation took 0.02 seconds.
2026-02-28 14:58:06,979 - [INFO] - >>> Pipeline Finished <<<
2026-02-28 15:06:39,845 - [INFO] - >>> Starting Pipeline Control <<<
2026-02-28 15:06:39,845 - [INFO] - --- [1] Setup & Config Generation ---
2026-02-28 15:06:39,845 - [INFO] - --- Service: Generating Configurations ---
2026-02-28 15:06:39,847 - [INFO] - --> Done. Created: 1, Skipped: 0
2026-02-28 15:06:39,848 - [INFO] - --- Service: Loading Experiments from Disk ---
2026-02-28 15:06:39,849 - [INFO] - Found 1 config files. Re-initializing models...
2026-02-28 15:06:39,849 - [INFO] - --> Successfully loaded 1 experiments.

2026-02-28 15:06:39,850 - [INFO] - Registry loaded. Ready to process 1 base experiments.
2026-02-28 15:06:39,850 - [INFO] - --- [2] Running Segmentation Pipeline ---
2026-02-28 15:06:39,851 - [INFO] - --- Loading Sessions for 'dev' (Modal: AV_ASD) ---
2026-02-28 15:06:39,852 - [INFO] - [1/25] Processing raw: session_132 ...
2026-02-28 15:06:39,962 - [INFO] - [2/25] Processing raw: session_133 ...
2026-02-28 15:06:40,077 - [INFO] - [3/25] Processing raw: session_134 ...
2026-02-28 15:06:40,188 - [INFO] - [4/25] Processing raw: session_135 ...
2026-02-28 15:06:40,281 - [INFO] - [5/25] Processing raw: session_136 ...
2026-02-28 15:06:40,393 - [INFO] - [6/25] Processing raw: session_137 ...
2026-02-28 15:06:40,512 - [INFO] - [7/25] Processing raw: session_138 ...
2026-02-28 15:06:40,622 - [INFO] - [8/25] Processing raw: session_139 ...
2026-02-28 15:06:40,733 - [INFO] - [9/25] Processing raw: session_140 ...
2026-02-28 15:06:40,847 - [INFO] - [10/25] Processing raw: session_141 ...
2026-02-28 15:06:40,940 - [INFO] - [11/25] Processing raw: session_40 ...
2026-02-28 15:06:41,052 - [INFO] - [12/25] Processing raw: session_41 ...
2026-02-28 15:06:41,163 - [INFO] - [13/25] Processing raw: session_42 ...
2026-02-28 15:06:41,287 - [INFO] - [14/25] Processing raw: session_43 ...
2026-02-28 15:06:41,398 - [INFO] - [15/25] Processing raw: session_44 ...
2026-02-28 15:06:41,508 - [INFO] - [16/25] Processing raw: session_48 ...
2026-02-28 15:06:41,565 - [INFO] - [17/25] Processing raw: session_49 ...
2026-02-28 15:06:41,678 - [INFO] - [18/25] Processing raw: session_50 ...
2026-02-28 15:06:41,788 - [INFO] - [19/25] Processing raw: session_51 ...
2026-02-28 15:06:41,900 - [INFO] - [20/25] Processing raw: session_52 ...
2026-02-28 15:06:42,011 - [INFO] - [21/25] Processing raw: session_53 ...
2026-02-28 15:06:42,105 - [INFO] - [22/25] Processing raw: session_54 ...
2026-02-28 15:06:42,198 - [INFO] - [23/25] Processing raw: session_55 ...
2026-02-28 15:06:42,289 - [INFO] - [24/25] Processing raw: session_56 ...
2026-02-28 15:06:42,362 - [INFO] - [25/25] Processing raw: session_57 ...
2026-02-28 15:06:42,453 - [INFO] - --> Successfully loaded 25 sessions.

2026-02-28 15:06:42,453 - [INFO] - --- Service: Running Segmentation Pipeline ---
2026-02-28 15:06:42,455 - [INFO] - Processing Experiment: 47c3daef
2026-02-28 15:06:42,722 - [INFO] - --> Segmentation Pipeline execution finished.
2026-02-28 15:06:42,722 - [INFO] - DONE: Segmentation took 2.87 seconds.
2026-02-28 15:06:42,724 - [INFO] - --- [3] Running Matrix Pipeline ---
2026-02-28 15:06:42,724 - [INFO] - --- Service: Running Matrix Calculation Pipeline ---
2026-02-28 15:06:42,725 - [INFO] - Processing Matrices for Experiment: 47c3daef
2026-02-28 15:06:42,767 - [INFO] - -> 47c3daef: Matrix Step Finished. Processed: 25
2026-02-28 15:06:42,768 - [INFO] - --> Matrix Pipeline execution finished.
2026-02-28 15:06:42,768 - [INFO] - DONE: Matrix calculation took 0.04 seconds.
2026-02-28 15:06:42,769 - [INFO] - --- [4] Running Clustering Pipeline ---
2026-02-28 15:06:42,769 - [INFO] - --- Service: Running Clustering Pipeline ---
2026-02-28 15:06:42,789 - [INFO] - --> Clustering Pipeline finished.
2026-02-28 15:06:42,790 - [INFO] - DONE: Clustering took 0.02 seconds.
2026-02-28 15:06:42,790 - [INFO] - --- [5] Running Evaluation Pipeline ---
2026-02-28 15:06:42,791 - [INFO] - Discovered 1 existing clustering experiments on disk.
2026-02-28 15:06:42,791 - [INFO] - --- Service: Running Evaluation Pipeline ---
2026-02-28 15:06:42,808 - [INFO] - seg_hash[47c3daef] + clust_hash[fe4d7fe0] - Evaluation Results -> Avg Speaker F1 (CHiME): 0.9060 | Avg Pairwise F1: 0.9028 | Avg ARI: 0.8255 | Perfect Sessions: 19/25
2026-02-28 15:06:42,810 - [INFO] - --> Evaluation Pipeline finished.
2026-02-28 15:06:42,811 - [INFO] - --- Aggregating Experiment Results into Overview CSVs ---
2026-02-28 15:06:42,812 - [INFO] - Successfully generated overview for 'dev': D:\DEV\chime_task\auvis\auvis_system\subtask_5_experiments\ASD_Clustering\data-bin\_output\av_asd\overview_dev.csv
2026-02-28 15:06:42,812 - [INFO] - --> Sort this CSV by 'AVG_SPEAKER_F1' to find the best model!
2026-02-28 15:06:42,813 - [INFO] - DONE: Evaluation took 0.02 seconds.
2026-02-28 15:06:42,813 - [INFO] - >>> Pipeline Finished <<<
2026-02-28 15:13:44,026 - [INFO] - >>> Starting Pipeline Control <<<
2026-02-28 15:13:44,026 - [INFO] - --- [1] Setup & Config Generation ---
2026-02-28 15:13:44,027 - [INFO] - --- Service: Generating Configurations ---
2026-02-28 15:13:44,029 - [INFO] - --> Done. Created: 2, Skipped: 0
2026-02-28 15:13:44,029 - [INFO] - --- Service: Loading Experiments from Disk ---
2026-02-28 15:13:44,030 - [INFO] - Found 2 config files. Re-initializing models...
2026-02-28 15:13:44,031 - [INFO] - --> Successfully loaded 2 experiments.

2026-02-28 15:13:44,031 - [INFO] - Registry loaded. Ready to process 2 base experiments.
2026-02-28 15:13:44,031 - [INFO] - --- [2] Running Segmentation Pipeline ---
2026-02-28 15:13:44,032 - [INFO] - --- Loading Sessions for 'dev' (Modal: AV_ASD) ---
2026-02-28 15:13:44,033 - [INFO] - [1/25] Processing raw: session_132 ...
2026-02-28 15:13:44,143 - [INFO] - [2/25] Processing raw: session_133 ...
2026-02-28 15:13:44,255 - [INFO] - [3/25] Processing raw: session_134 ...
2026-02-28 15:13:44,369 - [INFO] - [4/25] Processing raw: session_135 ...
2026-02-28 15:13:44,461 - [INFO] - [5/25] Processing raw: session_136 ...
2026-02-28 15:13:44,568 - [INFO] - [6/25] Processing raw: session_137 ...
2026-02-28 15:13:44,696 - [INFO] - [7/25] Processing raw: session_138 ...
2026-02-28 15:13:44,807 - [INFO] - [8/25] Processing raw: session_139 ...
2026-02-28 15:13:44,919 - [INFO] - [9/25] Processing raw: session_140 ...
2026-02-28 15:13:45,030 - [INFO] - [10/25] Processing raw: session_141 ...
2026-02-28 15:13:45,122 - [INFO] - [11/25] Processing raw: session_40 ...
2026-02-28 15:13:45,236 - [INFO] - [12/25] Processing raw: session_41 ...
2026-02-28 15:13:45,347 - [INFO] - [13/25] Processing raw: session_42 ...
2026-02-28 15:13:45,471 - [INFO] - [14/25] Processing raw: session_43 ...
2026-02-28 15:13:45,582 - [INFO] - [15/25] Processing raw: session_44 ...
2026-02-28 15:13:45,691 - [INFO] - [16/25] Processing raw: session_48 ...
2026-02-28 15:13:45,748 - [INFO] - [17/25] Processing raw: session_49 ...
2026-02-28 15:13:45,857 - [INFO] - [18/25] Processing raw: session_50 ...
2026-02-28 15:13:45,968 - [INFO] - [19/25] Processing raw: session_51 ...
2026-02-28 15:13:46,076 - [INFO] - [20/25] Processing raw: session_52 ...
2026-02-28 15:13:46,187 - [INFO] - [21/25] Processing raw: session_53 ...
2026-02-28 15:13:46,278 - [INFO] - [22/25] Processing raw: session_54 ...
2026-02-28 15:13:46,369 - [INFO] - [23/25] Processing raw: session_55 ...
2026-02-28 15:13:46,459 - [INFO] - [24/25] Processing raw: session_56 ...
2026-02-28 15:13:46,533 - [INFO] - [25/25] Processing raw: session_57 ...
2026-02-28 15:13:46,623 - [INFO] - --> Successfully loaded 25 sessions.

2026-02-28 15:13:46,623 - [INFO] - --- Service: Running Segmentation Pipeline ---
2026-02-28 15:13:46,624 - [INFO] - Processing Experiment: 414cbe5a
2026-02-28 15:13:46,886 - [INFO] - Processing Experiment: 47c3daef
2026-02-28 15:13:47,152 - [INFO] - --> Segmentation Pipeline execution finished.
2026-02-28 15:13:47,153 - [INFO] - DONE: Segmentation took 3.12 seconds.
2026-02-28 15:13:47,153 - [INFO] - --- [3] Running Matrix Pipeline ---
2026-02-28 15:13:47,155 - [INFO] - --- Service: Running Matrix Calculation Pipeline ---
2026-02-28 15:13:47,155 - [INFO] - Processing Matrices for Experiment: 414cbe5a
2026-02-28 15:13:47,203 - [INFO] - -> 414cbe5a: Matrix Step Finished. Processed: 25
2026-02-28 15:13:47,203 - [INFO] - Processing Matrices for Experiment: 47c3daef
2026-02-28 15:13:47,246 - [INFO] - -> 47c3daef: Matrix Step Finished. Processed: 25
2026-02-28 15:13:47,247 - [INFO] - --> Matrix Pipeline execution finished.
2026-02-28 15:13:47,247 - [INFO] - DONE: Matrix calculation took 0.09 seconds.
2026-02-28 15:13:47,248 - [INFO] - --- [4] Running Clustering Pipeline ---
2026-02-28 15:13:47,248 - [INFO] - --- Service: Running Clustering Pipeline ---
2026-02-28 15:13:47,286 - [INFO] - --> Clustering Pipeline finished.
2026-02-28 15:13:47,286 - [INFO] - DONE: Clustering took 0.04 seconds.
2026-02-28 15:13:47,286 - [INFO] - --- [5] Running Evaluation Pipeline ---
2026-02-28 15:13:47,287 - [INFO] - Discovered 2 existing clustering experiments on disk.
2026-02-28 15:13:47,288 - [INFO] - --- Service: Running Evaluation Pipeline ---
2026-02-28 15:13:47,307 - [INFO] - seg_hash[414cbe5a] + clust_hash[fe4d7fe0] - Evaluation Results -> Avg Speaker F1 (CHiME): 0.8851 | Avg Pairwise F1: 0.8829 | Avg ARI: 0.7815 | Perfect Sessions: 18/25
2026-02-28 15:13:47,323 - [INFO] - seg_hash[47c3daef] + clust_hash[fe4d7fe0] - Evaluation Results -> Avg Speaker F1 (CHiME): 0.9060 | Avg Pairwise F1: 0.9028 | Avg ARI: 0.8255 | Perfect Sessions: 19/25
2026-02-28 15:13:47,325 - [INFO] - --> Evaluation Pipeline finished.
2026-02-28 15:13:47,325 - [INFO] - --- Aggregating Experiment Results into Overview CSVs ---
2026-02-28 15:13:47,328 - [INFO] - Successfully generated overview for 'dev': D:\DEV\chime_task\auvis\auvis_system\subtask_5_experiments\ASD_Clustering\data-bin\_output\av_asd\overview_dev.csv
2026-02-28 15:13:47,329 - [INFO] - --> Sort this CSV by 'AVG_SPEAKER_F1' to find the best model!
2026-02-28 15:13:47,329 - [INFO] - DONE: Evaluation took 0.04 seconds.
2026-02-28 15:13:47,330 - [INFO] - >>> Pipeline Finished <<<
